<?xml version="1.0" encoding="utf-8"?><testsuites name="pytest tests"><testsuite name="pytest" errors="0" failures="0" skipped="0" tests="4" time="0.942" timestamp="2026-09-09T15:20:07.671587+00:00" hostname="agent-env-1032d28b-a216-4a1a-b68f-60af37dc2c9c"><testcase classname="tests.test_esplan_backend.TestHealth" name="test_health_ok" time="0.279" /><testcase classname="tests.test_esplan_backend.TestStateEndpointsRemoved" name="test_get_state_returns_404" time="0.252" /><testcase classname="tests.test_esplan_backend.TestStateEndpointsRemoved" name="test_post_state_returns_404" time="0.091" /><testcase classname="tests.test_esplan_backend.TestHealth" name="test_api_root" time="0.098" /></testsuite></testsuites>